# JRE version: Java(TM) SE Runtime Environment (8.0_191-b12) (build 1.8.0_191-b12)
# Java VM: Java HotSpot(TM) 64-Bit Server VM (25.191-b12 mixed mode windows-amd64 compressed oops)
Heap:
 PSYoungGen      total 341504K, used 101864K [0x000000076b500000, 0x0000000788a80000, 0x00000007c0000000)
  eden space 327168K, 26% used [0x000000076b500000,0x0000000770a7e6d0,0x000000077f480000)
  from space 14336K, 99% used [0x0000000781a00000,0x00000007827fbb58,0x0000000782800000)
  to   space 38400K, 0% used [0x000000077f480000,0x000000077f480000,0x0000000781a00000)
 ParOldGen       total 142848K, used 70655K [0x00000006c1e00000, 0x00000006ca980000, 0x000000076b500000)
  object space 142848K, 49% used [0x00000006c1e00000,0x00000006c62ffd30,0x00000006ca980000)
 Metaspace       used 45991K, capacity 47522K, committed 47616K, reserved 1089536K
  class space    used 6134K, capacity 6642K, committed 6656K, reserved 1048576K
GC Heap History (10 events):
Event: 1.411 GC heap before
{Heap before GC invocations=6 (full 1):
 PSYoungGen      total 141824K, used 8822K [0x000000076b500000, 0x000000077c900000, 0x00000007c0000000)
  eden space 131072K, 0% used [0x000000076b500000,0x000000076b500000,0x0000000773500000)
  from space 10752K, 82% used [0x0000000773500000,0x0000000773d9dad8,0x0000000773f80000)
  to   space 10240K, 0% used [0x000000077bf00000,0x000000077bf00000,0x000000077c900000)
 ParOldGen       total 175104K, used 120K [0x00000006c1e00000, 0x00000006cc900000, 0x000000076b500000)
  object space 175104K, 0% used [0x00000006c1e00000,0x00000006c1e1e010,0x00000006cc900000)
 Metaspace       used 20795K, capacity 21068K, committed 21248K, reserved 1067008K
  class space    used 2716K, capacity 2811K, committed 2816K, reserved 1048576K
Event: 1.437 GC heap after
Heap after GC invocations=6 (full 1):
 PSYoungGen      total 141824K, used 0K [0x000000076b500000, 0x000000077c900000, 0x00000007c0000000)
  eden space 131072K, 0% used [0x000000076b500000,0x000000076b500000,0x0000000773500000)
  from space 10752K, 0% used [0x0000000773500000,0x0000000773500000,0x0000000773f80000)
  to   space 10240K, 0% used [0x000000077bf00000,0x000000077bf00000,0x000000077c900000)
 ParOldGen       total 97280K, used 8695K [0x00000006c1e00000, 0x00000006c7d00000, 0x000000076b500000)
  object space 97280K, 8% used [0x00000006c1e00000,0x00000006c267df48,0x00000006c7d00000)
 Metaspace       used 20795K, capacity 21068K, committed 21248K, reserved 1067008K
  class space    used 2716K, capacity 2811K, committed 2816K, reserved 1048576K
}
Event: 2.598 GC heap before
{Heap before GC invocations=7 (full 1):
 PSYoungGen      total 141824K, used 131072K [0x000000076b500000, 0x000000077c900000, 0x00000007c0000000)
  eden space 131072K, 100% used [0x000000076b500000,0x0000000773500000,0x0000000773500000)
  from space 10752K, 0% used [0x0000000773500000,0x0000000773500000,0x0000000773f80000)
  to   space 10240K, 0% used [0x000000077bf00000,0x000000077bf00000,0x000000077c900000)
 ParOldGen       total 97280K, used 8695K [0x00000006c1e00000, 0x00000006c7d00000, 0x000000076b500000)
  object space 97280K, 8% used [0x00000006c1e00000,0x00000006c267df48,0x00000006c7d00000)
 Metaspace       used 31276K, capacity 32192K, committed 32384K, reserved 1077248K
  class space    used 4032K, capacity 4359K, committed 4480K, reserved 1048576K
Event: 2.606 GC heap after
Heap after GC invocations=7 (full 1):
 PSYoungGen      total 221696K, used 10227K [0x000000076b500000, 0x000000077c900000, 0x00000007c0000000)
  eden space 211456K, 0% used [0x000000076b500000,0x000000076b500000,0x0000000778380000)
  from space 10240K, 99% used [0x000000077bf00000,0x000000077c8fcd30,0x000000077c900000)
  to   space 14336K, 0% used [0x000000077ad00000,0x000000077ad00000,0x000000077bb00000)
 ParOldGen       total 97280K, used 14339K [0x00000006c1e00000, 0x00000006c7d00000, 0x000000076b500000)
  object space 97280K, 14% used [0x00000006c1e00000,0x00000006c2c00ea8,0x00000006c7d00000)
 Metaspace       used 31276K, capacity 32192K, committed 32384K, reserved 1077248K
  class space    used 4032K, capacity 4359K, committed 4480K, reserved 1048576K
}
Event: 2.714 GC heap before
{Heap before GC invocations=8 (full 1):
 PSYoungGen      total 221696K, used 28808K [0x000000076b500000, 0x000000077c900000, 0x00000007c0000000)
  eden space 211456K, 8% used [0x000000076b500000,0x000000076c7252d8,0x0000000778380000)
  from space 10240K, 99% used [0x000000077bf00000,0x000000077c8fcd30,0x000000077c900000)
  to   space 14336K, 0% used [0x000000077ad00000,0x000000077ad00000,0x000000077bb00000)
 ParOldGen       total 97280K, used 14339K [0x00000006c1e00000, 0x00000006c7d00000, 0x000000076b500000)
  object space 97280K, 14% used [0x00000006c1e00000,0x00000006c2c00ea8,0x00000006c7d00000)
 Metaspace       used 34239K, capacity 35316K, committed 35416K, reserved 1079296K
  class space    used 4443K, capacity 4849K, committed 4864K, reserved 1048576K
Event: 2.721 GC heap after
Heap after GC invocations=8 (full 1):
 PSYoungGen      total 268288K, used 11025K [0x000000076b500000, 0x0000000782800000, 0x00000007c0000000)
  eden space 253952K, 0% used [0x000000076b500000,0x000000076b500000,0x000000077ad00000)
  from space 14336K, 76% used [0x000000077ad00000,0x000000077b7c46a8,0x000000077bb00000)
  to   space 14336K, 0% used [0x0000000781a00000,0x0000000781a00000,0x0000000782800000)
 ParOldGen       total 97280K, used 14347K [0x00000006c1e00000, 0x00000006c7d00000, 0x000000076b500000)
  object space 97280K, 14% used [0x00000006c1e00000,0x00000006c2c02ea8,0x00000006c7d00000)
 Metaspace       used 34239K, capacity 35316K, committed 35416K, reserved 1079296K
  class space    used 4443K, capacity 4849K, committed 4864K, reserved 1048576K
}
Event: 2.721 GC heap before
{Heap before GC invocations=9 (full 2):
 PSYoungGen      total 268288K, used 11025K [0x000000076b500000, 0x0000000782800000, 0x00000007c0000000)
  eden space 253952K, 0% used [0x000000076b500000,0x000000076b500000,0x000000077ad00000)
  from space 14336K, 76% used [0x000000077ad00000,0x000000077b7c46a8,0x000000077bb00000)
  to   space 14336K, 0% used [0x0000000781a00000,0x0000000781a00000,0x0000000782800000)
 ParOldGen       total 97280K, used 14347K [0x00000006c1e00000, 0x00000006c7d00000, 0x000000076b500000)
  object space 97280K, 14% used [0x00000006c1e00000,0x00000006c2c02ea8,0x00000006c7d00000)
 Metaspace       used 34239K, capacity 35316K, committed 35416K, reserved 1079296K
  class space    used 4443K, capacity 4849K, committed 4864K, reserved 1048576K
Event: 2.751 GC heap after
Heap after GC invocations=9 (full 2):
 PSYoungGen      total 268288K, used 0K [0x000000076b500000, 0x0000000782800000, 0x00000007c0000000)
  eden space 253952K, 0% used [0x000000076b500000,0x000000076b500000,0x000000077ad00000)
  from space 14336K, 0% used [0x000000077ad00000,0x000000077ad00000,0x000000077bb00000)
  to   space 14336K, 0% used [0x0000000781a00000,0x0000000781a00000,0x0000000782800000)
 ParOldGen       total 142848K, used 18737K [0x00000006c1e00000, 0x00000006ca980000, 0x000000076b500000)
  object space 142848K, 13% used [0x00000006c1e00000,0x00000006c304c508,0x00000006ca980000)
 Metaspace       used 34239K, capacity 35316K, committed 35416K, reserved 1079296K
  class space    used 4443K, capacity 4849K, committed 4864K, reserved 1048576K
}
Event: 4.012 GC heap before
{Heap before GC invocations=10 (full 2):
 PSYoungGen      total 268288K, used 253952K [0x000000076b500000, 0x0000000782800000, 0x00000007c0000000)
  eden space 253952K, 100% used [0x000000076b500000,0x000000077ad00000,0x000000077ad00000)
  from space 14336K, 0% used [0x000000077ad00000,0x000000077ad00000,0x000000077bb00000)
  to   space 14336K, 0% used [0x0000000781a00000,0x0000000781a00000,0x0000000782800000)
 ParOldGen       total 142848K, used 18737K [0x00000006c1e00000, 0x00000006ca980000, 0x000000076b500000)
  object space 142848K, 13% used [0x00000006c1e00000,0x00000006c304c508,0x00000006ca980000)
 Metaspace       used 43776K, capacity 45244K, committed 45568K, reserved 1089536K
  class space    used 5789K, capacity 6289K, committed 6400K, reserved 1048576K
Event: 4.030 GC heap after
Heap after GC invocations=10 (full 2):
 PSYoungGen      total 341504K, used 14318K [0x000000076b500000, 0x0000000788a80000, 0x00000007c0000000)
  eden space 327168K, 0% used [0x000000076b500000,0x000000076b500000,0x000000077f480000)
  from space 14336K, 99% used [0x0000000781a00000,0x00000007827fbb58,0x0000000782800000)
  to   space 38400K, 0% used [0x000000077f480000,0x000000077f480000,0x0000000781a00000)
 ParOldGen       total 142848K, used 70655K [0x00000006c1e00000, 0x00000006ca980000, 0x000000076b500000)
  object space 142848K, 49% used [0x00000006c1e00000,0x00000006c62ffd30,0x00000006ca980000)
 Metaspace       used 43776K, capacity 45244K, committed 45568K, reserved 1089536K
  class space    used 5789K, capacity 6289K, committed 6400K, reserved 1048576K
}

