# JRE version: Java(TM) SE Runtime Environment (8.0_191-b12) (build 1.8.0_191-b12)
# Java VM: Java HotSpot(TM) 64-Bit Server VM (25.191-b12 mixed mode windows-amd64 compressed oops)
Heap:
 PSYoungGen      total 306176K, used 306155K [0x000000076b500000, 0x0000000793880000, 0x00000007c0000000)
  eden space 147968K, 100% used [0x000000076b500000,0x0000000774580000,0x0000000774580000)
  from space 158208K, 99% used [0x0000000781480000,0x000000078aefac00,0x000000078af00000)
  to   space 211968K, 99% used [0x0000000774580000,0x000000078147abf0,0x0000000781480000)
 ParOldGen       total 1891840K, used 1608801K [0x00000006c1e00000, 0x0000000735580000, 0x000000076b500000)
  object space 1891840K, 85% used [0x00000006c1e00000,0x0000000724118518,0x0000000735580000)
 Metaspace       used 82233K, capacity 85257K, committed 85544K, reserved 1124352K
  class space    used 10303K, capacity 10988K, committed 11048K, reserved 1048576K
GC Heap History (10 events):
Event: 392.568 GC heap after
Heap after GC invocations=20 (full 4):
 PSYoungGen      total 322560K, used 85978K [0x000000076b500000, 0x0000000787a80000, 0x00000007c0000000)
  eden space 201216K, 0% used [0x000000076b500000,0x000000076b500000,0x0000000777980000)
  from space 121344K, 70% used [0x000000077f800000,0x0000000784bf6aa8,0x0000000786e80000)
  to   space 129536K, 0% used [0x0000000777980000,0x0000000777980000,0x000000077f800000)
 ParOldGen       total 666112K, used 237483K [0x00000006c1e00000, 0x00000006ea880000, 0x000000076b500000)
  object space 666112K, 35% used [0x00000006c1e00000,0x00000006d05eafb8,0x00000006ea880000)
 Metaspace       used 81066K, capacity 83955K, committed 84264K, reserved 1122304K
  class space    used 10044K, capacity 10695K, committed 10792K, reserved 1048576K
}
Event: 437.575 GC heap before
{Heap before GC invocations=21 (full 4):
 PSYoungGen      total 322560K, used 287194K [0x000000076b500000, 0x0000000787a80000, 0x00000007c0000000)
  eden space 201216K, 100% used [0x000000076b500000,0x0000000777980000,0x0000000777980000)
  from space 121344K, 70% used [0x000000077f800000,0x0000000784bf6aa8,0x0000000786e80000)
  to   space 129536K, 0% used [0x0000000777980000,0x0000000777980000,0x000000077f800000)
 ParOldGen       total 666112K, used 237483K [0x00000006c1e00000, 0x00000006ea880000, 0x000000076b500000)
  object space 666112K, 35% used [0x00000006c1e00000,0x00000006d05eafb8,0x00000006ea880000)
 Metaspace       used 81963K, capacity 84971K, committed 85288K, reserved 1124352K
  class space    used 10292K, capacity 10973K, committed 11048K, reserved 1048576K
Event: 437.586 GC heap after
Heap after GC invocations=21 (full 4):
 PSYoungGen      total 330752K, used 86199K [0x000000076b500000, 0x0000000788b00000, 0x00000007c0000000)
  eden space 201216K, 0% used [0x000000076b500000,0x000000076b500000,0x0000000777980000)
  from space 129536K, 66% used [0x0000000777980000,0x000000077cdadfe8,0x000000077f800000)
  to   space 135680K, 0% used [0x0000000780680000,0x0000000780680000,0x0000000788b00000)
 ParOldGen       total 666112K, used 237491K [0x00000006c1e00000, 0x00000006ea880000, 0x000000076b500000)
  object space 666112K, 35% used [0x00000006c1e00000,0x00000006d05ecfb8,0x00000006ea880000)
 Metaspace       used 81963K, capacity 84971K, committed 85288K, reserved 1124352K
  class space    used 10292K, capacity 10973K, committed 11048K, reserved 1048576K
}
Event: 665.395 GC heap before
{Heap before GC invocations=22 (full 4):
 PSYoungGen      total 330752K, used 287415K [0x000000076b500000, 0x0000000788b00000, 0x00000007c0000000)
  eden space 201216K, 100% used [0x000000076b500000,0x0000000777980000,0x0000000777980000)
  from space 129536K, 66% used [0x0000000777980000,0x000000077cdadfe8,0x000000077f800000)
  to   space 135680K, 0% used [0x0000000780680000,0x0000000780680000,0x0000000788b00000)
 ParOldGen       total 666112K, used 237491K [0x00000006c1e00000, 0x00000006ea880000, 0x000000076b500000)
  object space 666112K, 35% used [0x00000006c1e00000,0x00000006d05ecfb8,0x00000006ea880000)
 Metaspace       used 82120K, capacity 85141K, committed 85288K, reserved 1124352K
  class space    used 10298K, capacity 10980K, committed 11048K, reserved 1048576K
Event: 665.409 GC heap after
Heap after GC invocations=22 (full 4):
 PSYoungGen      total 340992K, used 86194K [0x000000076b500000, 0x0000000789280000, 0x00000007c0000000)
  eden space 205312K, 0% used [0x000000076b500000,0x000000076b500000,0x0000000777d80000)
  from space 135680K, 63% used [0x0000000780680000,0x0000000785aaca20,0x0000000788b00000)
  to   space 140288K, 0% used [0x0000000777d80000,0x0000000777d80000,0x0000000780680000)
 ParOldGen       total 666112K, used 237499K [0x00000006c1e00000, 0x00000006ea880000, 0x000000076b500000)
  object space 666112K, 35% used [0x00000006c1e00000,0x00000006d05eefb8,0x00000006ea880000)
 Metaspace       used 82120K, capacity 85141K, committed 85288K, reserved 1124352K
  class space    used 10298K, capacity 10980K, committed 11048K, reserved 1048576K
}
Event: 685.039 GC heap before
{Heap before GC invocations=23 (full 4):
 PSYoungGen      total 340992K, used 277871K [0x000000076b500000, 0x0000000789280000, 0x00000007c0000000)
  eden space 205312K, 93% used [0x000000076b500000,0x000000077702f228,0x0000000777d80000)
  from space 135680K, 63% used [0x0000000780680000,0x0000000785aaca20,0x0000000788b00000)
  to   space 140288K, 0% used [0x0000000777d80000,0x0000000777d80000,0x0000000780680000)
 ParOldGen       total 666112K, used 237499K [0x00000006c1e00000, 0x00000006ea880000, 0x000000076b500000)
  object space 666112K, 35% used [0x00000006c1e00000,0x00000006d05eefb8,0x00000006ea880000)
 Metaspace       used 82228K, capacity 85253K, committed 85544K, reserved 1124352K
  class space    used 10303K, capacity 10988K, committed 11048K, reserved 1048576K
Event: 685.076 GC heap after
Heap after GC invocations=23 (full 4):
 PSYoungGen      total 342016K, used 126599K [0x000000076b500000, 0x000000078af00000, 0x00000007c0000000)
  eden space 201728K, 0% used [0x000000076b500000,0x000000076b500000,0x0000000777a00000)
  from space 140288K, 90% used [0x0000000777d80000,0x000000077f921c60,0x0000000780680000)
  to   space 158208K, 0% used [0x0000000781480000,0x0000000781480000,0x000000078af00000)
 ParOldGen       total 666112K, used 270275K [0x00000006c1e00000, 0x00000006ea880000, 0x000000076b500000)
  object space 666112K, 40% used [0x00000006c1e00000,0x00000006d25f0fd8,0x00000006ea880000)
 Metaspace       used 82228K, capacity 85253K, committed 85544K, reserved 1124352K
  class space    used 10303K, capacity 10988K, committed 11048K, reserved 1048576K
}
Event: 685.806 GC heap before
{Heap before GC invocations=24 (full 4):
 PSYoungGen      total 342016K, used 328327K [0x000000076b500000, 0x000000078af00000, 0x00000007c0000000)
  eden space 201728K, 100% used [0x000000076b500000,0x0000000777a00000,0x0000000777a00000)
  from space 140288K, 90% used [0x0000000777d80000,0x000000077f921c60,0x0000000780680000)
  to   space 158208K, 0% used [0x0000000781480000,0x0000000781480000,0x000000078af00000)
 ParOldGen       total 666112K, used 270275K [0x00000006c1e00000, 0x00000006ea880000, 0x000000076b500000)
  object space 666112K, 40% used [0x00000006c1e00000,0x00000006d25f0fd8,0x00000006ea880000)
 Metaspace       used 82233K, capacity 85257K, committed 85544K, reserved 1124352K
  class space    used 10303K, capacity 10988K, committed 11048K, reserved 1048576K
Event: 685.865 GC heap after
Heap after GC invocations=24 (full 4):
 PSYoungGen      total 306176K, used 158187K [0x000000076b500000, 0x0000000793880000, 0x00000007c0000000)
  eden space 147968K, 0% used [0x000000076b500000,0x000000076b500000,0x0000000774580000)
  from space 158208K, 99% used [0x0000000781480000,0x000000078aefac00,0x000000078af00000)
  to   space 211968K, 0% used [0x0000000774580000,0x0000000774580000,0x0000000781480000)
 ParOldGen       total 666112K, used 345371K [0x00000006c1e00000, 0x00000006ea880000, 0x000000076b500000)
  object space 666112K, 51% used [0x00000006c1e00000,0x00000006d6f46fd8,0x00000006ea880000)
 Metaspace       used 82233K, capacity 85257K, committed 85544K, reserved 1124352K
  class space    used 10303K, capacity 10988K, committed 11048K, reserved 1048576K
}
Event: 686.721 GC heap before
{Heap before GC invocations=25 (full 4):
 PSYoungGen      total 306176K, used 306155K [0x000000076b500000, 0x0000000793880000, 0x00000007c0000000)
  eden space 147968K, 100% used [0x000000076b500000,0x0000000774580000,0x0000000774580000)
  from space 158208K, 99% used [0x0000000781480000,0x000000078aefac00,0x000000078af00000)
  to   space 211968K, 0% used [0x0000000774580000,0x0000000774580000,0x0000000781480000)
 ParOldGen       total 666112K, used 345371K [0x00000006c1e00000, 0x00000006ea880000, 0x000000076b500000)
  object space 666112K, 51% used [0x00000006c1e00000,0x00000006d6f46fd8,0x00000006ea880000)
 Metaspace       used 82233K, capacity 85257K, committed 85544K, reserved 1124352K
  class space    used 10303K, capacity 10988K, committed 11048K, reserved 1048576K

