# JRE version: Java(TM) SE Runtime Environment (8.0_191-b12) (build 1.8.0_191-b12)
# Java VM: Java HotSpot(TM) 64-Bit Server VM (25.191-b12 mixed mode windows-amd64 compressed oops)
Heap:
 PSYoungGen      total 364032K, used 38392K [0x000000076b500000, 0x0000000792c80000, 0x00000007c0000000)
  eden space 325632K, 0% used [0x000000076b500000,0x000000076b500000,0x000000077f300000)
  from space 38400K, 99% used [0x000000077f300000,0x000000078187e090,0x0000000781880000)
  to   space 108032K, 0% used [0x000000078c300000,0x000000078c300000,0x0000000792c80000)
 ParOldGen       total 228864K, used 227575K [0x00000006c1e00000, 0x00000006cfd80000, 0x000000076b500000)
  object space 228864K, 99% used [0x00000006c1e00000,0x00000006cfc3de10,0x00000006cfd80000)
 Metaspace       used 48322K, capacity 49942K, committed 50176K, reserved 1091584K
  class space    used 6542K, capacity 7108K, committed 7168K, reserved 1048576K
GC Heap History (10 events):
Event: 2.490 GC heap after
Heap after GC invocations=7 (full 1):
 PSYoungGen      total 220672K, used 10235K [0x000000076b500000, 0x000000077c900000, 0x00000007c0000000)
  eden space 210432K, 0% used [0x000000076b500000,0x000000076b500000,0x0000000778280000)
  from space 10240K, 99% used [0x000000077bf00000,0x000000077c8fee20,0x000000077c900000)
  to   space 14336K, 0% used [0x000000077ad00000,0x000000077ad00000,0x000000077bb00000)
 ParOldGen       total 97280K, used 14642K [0x00000006c1e00000, 0x00000006c7d00000, 0x000000076b500000)
  object space 97280K, 15% used [0x00000006c1e00000,0x00000006c2c4c860,0x00000006c7d00000)
 Metaspace       used 32137K, capacity 33124K, committed 33152K, reserved 1077248K
  class space    used 4126K, capacity 4457K, committed 4480K, reserved 1048576K
}
Event: 2.574 GC heap before
{Heap before GC invocations=8 (full 1):
 PSYoungGen      total 220672K, used 28709K [0x000000076b500000, 0x000000077c900000, 0x00000007c0000000)
  eden space 210432K, 8% used [0x000000076b500000,0x000000076c70a8f0,0x0000000778280000)
  from space 10240K, 99% used [0x000000077bf00000,0x000000077c8fee20,0x000000077c900000)
  to   space 14336K, 0% used [0x000000077ad00000,0x000000077ad00000,0x000000077bb00000)
 ParOldGen       total 97280K, used 14642K [0x00000006c1e00000, 0x00000006c7d00000, 0x000000076b500000)
  object space 97280K, 15% used [0x00000006c1e00000,0x00000006c2c4c860,0x00000006c7d00000)
 Metaspace       used 34234K, capacity 35316K, committed 35416K, reserved 1079296K
  class space    used 4443K, capacity 4849K, committed 4864K, reserved 1048576K
Event: 2.580 GC heap after
Heap after GC invocations=8 (full 1):
 PSYoungGen      total 268288K, used 10893K [0x000000076b500000, 0x0000000782680000, 0x00000007c0000000)
  eden space 253952K, 0% used [0x000000076b500000,0x000000076b500000,0x000000077ad00000)
  from space 14336K, 75% used [0x000000077ad00000,0x000000077b7a35c8,0x000000077bb00000)
  to   space 14336K, 0% used [0x0000000781880000,0x0000000781880000,0x0000000782680000)
 ParOldGen       total 97280K, used 14650K [0x00000006c1e00000, 0x00000006c7d00000, 0x000000076b500000)
  object space 97280K, 15% used [0x00000006c1e00000,0x00000006c2c4e860,0x00000006c7d00000)
 Metaspace       used 34234K, capacity 35316K, committed 35416K, reserved 1079296K
  class space    used 4443K, capacity 4849K, committed 4864K, reserved 1048576K
}
Event: 2.580 GC heap before
{Heap before GC invocations=9 (full 2):
 PSYoungGen      total 268288K, used 10893K [0x000000076b500000, 0x0000000782680000, 0x00000007c0000000)
  eden space 253952K, 0% used [0x000000076b500000,0x000000076b500000,0x000000077ad00000)
  from space 14336K, 75% used [0x000000077ad00000,0x000000077b7a35c8,0x000000077bb00000)
  to   space 14336K, 0% used [0x0000000781880000,0x0000000781880000,0x0000000782680000)
 ParOldGen       total 97280K, used 14650K [0x00000006c1e00000, 0x00000006c7d00000, 0x000000076b500000)
  object space 97280K, 15% used [0x00000006c1e00000,0x00000006c2c4e860,0x00000006c7d00000)
 Metaspace       used 34234K, capacity 35316K, committed 35416K, reserved 1079296K
  class space    used 4443K, capacity 4849K, committed 4864K, reserved 1048576K
Event: 2.606 GC heap after
Heap after GC invocations=9 (full 2):
 PSYoungGen      total 268288K, used 0K [0x000000076b500000, 0x0000000782680000, 0x00000007c0000000)
  eden space 253952K, 0% used [0x000000076b500000,0x000000076b500000,0x000000077ad00000)
  from space 14336K, 0% used [0x000000077ad00000,0x000000077ad00000,0x000000077bb00000)
  to   space 14336K, 0% used [0x0000000781880000,0x0000000781880000,0x0000000782680000)
 ParOldGen       total 142336K, used 18643K [0x00000006c1e00000, 0x00000006ca900000, 0x000000076b500000)
  object space 142336K, 13% used [0x00000006c1e00000,0x00000006c3034f80,0x00000006ca900000)
 Metaspace       used 34234K, capacity 35316K, committed 35416K, reserved 1079296K
  class space    used 4443K, capacity 4849K, committed 4864K, reserved 1048576K
}
Event: 3.690 GC heap before
{Heap before GC invocations=10 (full 2):
 PSYoungGen      total 268288K, used 253952K [0x000000076b500000, 0x0000000782680000, 0x00000007c0000000)
  eden space 253952K, 100% used [0x000000076b500000,0x000000077ad00000,0x000000077ad00000)
  from space 14336K, 0% used [0x000000077ad00000,0x000000077ad00000,0x000000077bb00000)
  to   space 14336K, 0% used [0x0000000781880000,0x0000000781880000,0x0000000782680000)
 ParOldGen       total 142336K, used 18643K [0x00000006c1e00000, 0x00000006ca900000, 0x000000076b500000)
  object space 142336K, 13% used [0x00000006c1e00000,0x00000006c3034f80,0x00000006ca900000)
 Metaspace       used 43755K, capacity 45244K, committed 45568K, reserved 1089536K
  class space    used 5789K, capacity 6289K, committed 6400K, reserved 1048576K
Event: 3.707 GC heap after
Heap after GC invocations=10 (full 2):
 PSYoungGen      total 339968K, used 14334K [0x000000076b500000, 0x0000000788e00000, 0x00000007c0000000)
  eden space 325632K, 0% used [0x000000076b500000,0x000000076b500000,0x000000077f300000)
  from space 14336K, 99% used [0x0000000781880000,0x000000078267f9e0,0x0000000782680000)
  to   space 38400K, 0% used [0x000000077f300000,0x000000077f300000,0x0000000781880000)
 ParOldGen       total 142336K, used 70671K [0x00000006c1e00000, 0x00000006ca900000, 0x000000076b500000)
  object space 142336K, 49% used [0x00000006c1e00000,0x00000006c6303ca0,0x00000006ca900000)
 Metaspace       used 43755K, capacity 45244K, committed 45568K, reserved 1089536K
  class space    used 5789K, capacity 6289K, committed 6400K, reserved 1048576K
}
Event: 78.019 GC heap before
{Heap before GC invocations=11 (full 2):
 PSYoungGen      total 339968K, used 326484K [0x000000076b500000, 0x0000000788e00000, 0x00000007c0000000)
  eden space 325632K, 95% used [0x000000076b500000,0x000000077e5d5a18,0x000000077f300000)
  from space 14336K, 99% used [0x0000000781880000,0x000000078267f9e0,0x0000000782680000)
  to   space 38400K, 0% used [0x000000077f300000,0x000000077f300000,0x0000000781880000)
 ParOldGen       total 142336K, used 70671K [0x00000006c1e00000, 0x00000006ca900000, 0x000000076b500000)
  object space 142336K, 49% used [0x00000006c1e00000,0x00000006c6303ca0,0x00000006ca900000)
 Metaspace       used 48322K, capacity 49942K, committed 50176K, reserved 1091584K
  class space    used 6542K, capacity 7108K, committed 7168K, reserved 1048576K
Event: 78.049 GC heap after
Heap after GC invocations=11 (full 2):
 PSYoungGen      total 364032K, used 38392K [0x000000076b500000, 0x0000000792c80000, 0x00000007c0000000)
  eden space 325632K, 0% used [0x000000076b500000,0x000000076b500000,0x000000077f300000)
  from space 38400K, 99% used [0x000000077f300000,0x000000078187e090,0x0000000781880000)
  to   space 108032K, 0% used [0x000000078c300000,0x000000078c300000,0x0000000792c80000)
 ParOldGen       total 228864K, used 227575K [0x00000006c1e00000, 0x00000006cfd80000, 0x000000076b500000)
  object space 228864K, 99% used [0x00000006c1e00000,0x00000006cfc3de10,0x00000006cfd80000)
 Metaspace       used 48322K, capacity 49942K, committed 50176K, reserved 1091584K
  class space    used 6542K, capacity 7108K, committed 7168K, reserved 1048576K
}
Event: 78.049 GC heap before
{Heap before GC invocations=12 (full 3):
 PSYoungGen      total 364032K, used 38392K [0x000000076b500000, 0x0000000792c80000, 0x00000007c0000000)
  eden space 325632K, 0% used [0x000000076b500000,0x000000076b500000,0x000000077f300000)
  from space 38400K, 99% used [0x000000077f300000,0x000000078187e090,0x0000000781880000)
  to   space 108032K, 0% used [0x000000078c300000,0x000000078c300000,0x0000000792c80000)
 ParOldGen       total 228864K, used 227575K [0x00000006c1e00000, 0x00000006cfd80000, 0x000000076b500000)
  object space 228864K, 99% used [0x00000006c1e00000,0x00000006cfc3de10,0x00000006cfd80000)
 Metaspace       used 48322K, capacity 49942K, committed 50176K, reserved 1091584K
  class space    used 6542K, capacity 7108K, committed 7168K, reserved 1048576K

