# JRE version: Java(TM) SE Runtime Environment (8.0_191-b12) (build 1.8.0_191-b12)
# Java VM: Java HotSpot(TM) 64-Bit Server VM (25.191-b12 mixed mode windows-amd64 compressed oops)
Heap:
 PSYoungGen      total 235008K, used 219850K [0x000000076b500000, 0x000000077fb80000, 0x00000007c0000000)
  eden space 190464K, 92% used [0x000000076b500000,0x0000000776036d80,0x0000000776f00000)
  from space 44544K, 99% used [0x000000077ad00000,0x000000077d87bc10,0x000000077d880000)
  to   space 63488K, 90% used [0x0000000776f00000,0x000000077a7491e8,0x000000077ad00000)
 ParOldGen       total 309760K, used 277799K [0x00000006c1e00000, 0x00000006d4c80000, 0x000000076b500000)
  object space 309760K, 89% used [0x00000006c1e00000,0x00000006d2d49f88,0x00000006d4c80000)
 Metaspace       used 78181K, capacity 80830K, committed 81064K, reserved 1120256K
  class space    used 9742K, capacity 10376K, committed 10408K, reserved 1048576K
GC Heap History (10 events):
Event: 6.730 GC heap after
Heap after GC invocations=13 (full 3):
 PSYoungGen      total 183808K, used 21481K [0x000000076b500000, 0x0000000779d80000, 0x00000007c0000000)
  eden space 162304K, 0% used [0x000000076b500000,0x000000076b500000,0x0000000775380000)
  from space 21504K, 99% used [0x0000000777380000,0x000000077887a598,0x0000000778880000)
  to   space 32768K, 0% used [0x0000000775380000,0x0000000775380000,0x0000000777380000)
 ParOldGen       total 309760K, used 65077K [0x00000006c1e00000, 0x00000006d4c80000, 0x000000076b500000)
  object space 309760K, 21% used [0x00000006c1e00000,0x00000006c5d8d5a0,0x00000006d4c80000)
 Metaspace       used 67513K, capacity 70020K, committed 70056K, reserved 1110016K
  class space    used 8524K, capacity 9116K, committed 9128K, reserved 1048576K
}
Event: 7.246 GC heap before
{Heap before GC invocations=14 (full 3):
 PSYoungGen      total 183808K, used 183785K [0x000000076b500000, 0x0000000779d80000, 0x00000007c0000000)
  eden space 162304K, 100% used [0x000000076b500000,0x0000000775380000,0x0000000775380000)
  from space 21504K, 99% used [0x0000000777380000,0x000000077887a598,0x0000000778880000)
  to   space 32768K, 0% used [0x0000000775380000,0x0000000775380000,0x0000000777380000)
 ParOldGen       total 309760K, used 65077K [0x00000006c1e00000, 0x00000006d4c80000, 0x000000076b500000)
  object space 309760K, 21% used [0x00000006c1e00000,0x00000006c5d8d5a0,0x00000006d4c80000)
 Metaspace       used 71163K, capacity 73800K, committed 73896K, reserved 1114112K
  class space    used 8933K, capacity 9560K, committed 9640K, reserved 1048576K
Event: 7.259 GC heap after
Heap after GC invocations=14 (full 3):
 PSYoungGen      total 195072K, used 28665K [0x000000076b500000, 0x000000077b680000, 0x00000007c0000000)
  eden space 162304K, 0% used [0x000000076b500000,0x000000076b500000,0x0000000775380000)
  from space 32768K, 87% used [0x0000000775380000,0x0000000776f7e7e0,0x0000000777380000)
  to   space 36352K, 0% used [0x0000000779300000,0x0000000779300000,0x000000077b680000)
 ParOldGen       total 309760K, used 81469K [0x00000006c1e00000, 0x00000006d4c80000, 0x000000076b500000)
  object space 309760K, 26% used [0x00000006c1e00000,0x00000006c6d8f5b0,0x00000006d4c80000)
 Metaspace       used 71163K, capacity 73800K, committed 73896K, reserved 1114112K
  class space    used 8933K, capacity 9560K, committed 9640K, reserved 1048576K
}
Event: 11.249 GC heap before
{Heap before GC invocations=15 (full 3):
 PSYoungGen      total 195072K, used 190969K [0x000000076b500000, 0x000000077b680000, 0x00000007c0000000)
  eden space 162304K, 100% used [0x000000076b500000,0x0000000775380000,0x0000000775380000)
  from space 32768K, 87% used [0x0000000775380000,0x0000000776f7e7e0,0x0000000777380000)
  to   space 36352K, 0% used [0x0000000779300000,0x0000000779300000,0x000000077b680000)
 ParOldGen       total 309760K, used 81469K [0x00000006c1e00000, 0x00000006d4c80000, 0x000000076b500000)
  object space 309760K, 26% used [0x00000006c1e00000,0x00000006c6d8f5b0,0x00000006d4c80000)
 Metaspace       used 75009K, capacity 77594K, committed 77736K, reserved 1116160K
  class space    used 9456K, capacity 10075K, committed 10152K, reserved 1048576K
Event: 11.263 GC heap after
Heap after GC invocations=15 (full 3):
 PSYoungGen      total 222720K, used 32642K [0x000000076b500000, 0x000000077ba00000, 0x00000007c0000000)
  eden space 186368K, 0% used [0x000000076b500000,0x000000076b500000,0x0000000776b00000)
  from space 36352K, 89% used [0x0000000779300000,0x000000077b2e0b20,0x000000077b680000)
  to   space 40448K, 0% used [0x0000000776b00000,0x0000000776b00000,0x0000000779280000)
 ParOldGen       total 309760K, used 81477K [0x00000006c1e00000, 0x00000006d4c80000, 0x000000076b500000)
  object space 309760K, 26% used [0x00000006c1e00000,0x00000006c6d915b0,0x00000006d4c80000)
 Metaspace       used 75009K, capacity 77594K, committed 77736K, reserved 1116160K
  class space    used 9456K, capacity 10075K, committed 10152K, reserved 1048576K
}
Event: 18.669 GC heap before
{Heap before GC invocations=16 (full 3):
 PSYoungGen      total 222720K, used 219010K [0x000000076b500000, 0x000000077ba00000, 0x00000007c0000000)
  eden space 186368K, 100% used [0x000000076b500000,0x0000000776b00000,0x0000000776b00000)
  from space 36352K, 89% used [0x0000000779300000,0x000000077b2e0b20,0x000000077b680000)
  to   space 40448K, 0% used [0x0000000776b00000,0x0000000776b00000,0x0000000779280000)
 ParOldGen       total 309760K, used 81477K [0x00000006c1e00000, 0x00000006d4c80000, 0x000000076b500000)
  object space 309760K, 26% used [0x00000006c1e00000,0x00000006c6d915b0,0x00000006d4c80000)
 Metaspace       used 77631K, capacity 80306K, committed 80552K, reserved 1120256K
  class space    used 9688K, capacity 10334K, committed 10408K, reserved 1048576K
Event: 18.687 GC heap after
Heap after GC invocations=16 (full 3):
 PSYoungGen      total 226816K, used 34813K [0x000000076b500000, 0x000000077d880000, 0x00000007c0000000)
  eden space 186368K, 0% used [0x000000076b500000,0x000000076b500000,0x0000000776b00000)
  from space 40448K, 86% used [0x0000000776b00000,0x0000000778cff6b0,0x0000000779280000)
  to   space 44544K, 0% used [0x000000077ad00000,0x000000077ad00000,0x000000077d880000)
 ParOldGen       total 309760K, used 130637K [0x00000006c1e00000, 0x00000006d4c80000, 0x000000076b500000)
  object space 309760K, 42% used [0x00000006c1e00000,0x00000006c9d935e0,0x00000006d4c80000)
 Metaspace       used 77631K, capacity 80306K, committed 80552K, reserved 1120256K
  class space    used 9688K, capacity 10334K, committed 10408K, reserved 1048576K
}
Event: 22.467 GC heap before
{Heap before GC invocations=17 (full 3):
 PSYoungGen      total 226816K, used 207681K [0x000000076b500000, 0x000000077d880000, 0x00000007c0000000)
  eden space 186368K, 92% used [0x000000076b500000,0x0000000775dd0df8,0x0000000776b00000)
  from space 40448K, 86% used [0x0000000776b00000,0x0000000778cff6b0,0x0000000779280000)
  to   space 44544K, 0% used [0x000000077ad00000,0x000000077ad00000,0x000000077d880000)
 ParOldGen       total 309760K, used 130637K [0x00000006c1e00000, 0x00000006d4c80000, 0x000000076b500000)
  object space 309760K, 42% used [0x00000006c1e00000,0x00000006c9d935e0,0x00000006d4c80000)
 Metaspace       used 77814K, capacity 80460K, committed 80808K, reserved 1120256K
  class space    used 9704K, capacity 10339K, committed 10408K, reserved 1048576K
Event: 22.489 GC heap after
Heap after GC invocations=17 (full 3):
 PSYoungGen      total 235008K, used 44527K [0x000000076b500000, 0x000000077fb80000, 0x00000007c0000000)
  eden space 190464K, 0% used [0x000000076b500000,0x000000076b500000,0x0000000776f00000)
  from space 44544K, 99% used [0x000000077ad00000,0x000000077d87bc10,0x000000077d880000)
  to   space 63488K, 0% used [0x0000000776f00000,0x0000000776f00000,0x000000077ad00000)
 ParOldGen       total 309760K, used 163095K [0x00000006c1e00000, 0x00000006d4c80000, 0x000000076b500000)
  object space 309760K, 52% used [0x00000006c1e00000,0x00000006cbd45f18,0x00000006d4c80000)
 Metaspace       used 77814K, capacity 80460K, committed 80808K, reserved 1120256K
  class space    used 9704K, capacity 10339K, committed 10408K, reserved 1048576K
}
Event: 81.426 GC heap before
{Heap before GC invocations=18 (full 3):
 PSYoungGen      total 235008K, used 219850K [0x000000076b500000, 0x000000077fb80000, 0x00000007c0000000)
  eden space 190464K, 92% used [0x000000076b500000,0x0000000776036d80,0x0000000776f00000)
  from space 44544K, 99% used [0x000000077ad00000,0x000000077d87bc10,0x000000077d880000)
  to   space 63488K, 0% used [0x0000000776f00000,0x0000000776f00000,0x000000077ad00000)
 ParOldGen       total 309760K, used 163095K [0x00000006c1e00000, 0x00000006d4c80000, 0x000000076b500000)
  object space 309760K, 52% used [0x00000006c1e00000,0x00000006cbd45f18,0x00000006d4c80000)
 Metaspace       used 78181K, capacity 80830K, committed 81064K, reserved 1120256K
  class space    used 9742K, capacity 10376K, committed 10408K, reserved 1048576K

