# JRE version: Java(TM) SE Runtime Environment (8.0_191-b12) (build 1.8.0_191-b12)
# Java VM: Java HotSpot(TM) 64-Bit Server VM (25.191-b12 mixed mode windows-amd64 compressed oops)
Heap:
 PSYoungGen      total 442880K, used 107953K [0x000000076b500000, 0x000000078a280000, 0x00000007c0000000)
  eden space 428544K, 21% used [0x000000076b500000,0x000000077106cd60,0x0000000785780000)
  from space 14336K, 99% used [0x0000000788980000,0x000000078977f9b8,0x0000000789780000)
  to   space 38400K, 0% used [0x0000000785780000,0x0000000785780000,0x0000000787d00000)
 ParOldGen       total 116224K, used 71709K [0x00000006c1e00000, 0x00000006c8f80000, 0x000000076b500000)
  object space 116224K, 61% used [0x00000006c1e00000,0x00000006c6407438,0x00000006c8f80000)
 Metaspace       used 46394K, capacity 47854K, committed 47872K, reserved 1091584K
  class space    used 6130K, capacity 6642K, committed 6656K, reserved 1048576K
GC Heap History (10 events):
Event: 7.727 GC heap before
{Heap before GC invocations=6 (full 1):
 PSYoungGen      total 141824K, used 8464K [0x000000076b500000, 0x000000077ca00000, 0x00000007c0000000)
  eden space 131072K, 0% used [0x000000076b500000,0x000000076b500000,0x0000000773500000)
  from space 10752K, 78% used [0x0000000773500000,0x0000000773d442f0,0x0000000773f80000)
  to   space 10752K, 0% used [0x000000077bf80000,0x000000077bf80000,0x000000077ca00000)
 ParOldGen       total 175104K, used 120K [0x00000006c1e00000, 0x00000006cc900000, 0x000000076b500000)
  object space 175104K, 0% used [0x00000006c1e00000,0x00000006c1e1e010,0x00000006cc900000)
 Metaspace       used 20698K, capacity 21008K, committed 21248K, reserved 1067008K
  class space    used 2655K, capacity 2747K, committed 2816K, reserved 1048576K
Event: 7.752 GC heap after
Heap after GC invocations=6 (full 1):
 PSYoungGen      total 141824K, used 0K [0x000000076b500000, 0x000000077ca00000, 0x00000007c0000000)
  eden space 131072K, 0% used [0x000000076b500000,0x000000076b500000,0x0000000773500000)
  from space 10752K, 0% used [0x0000000773500000,0x0000000773500000,0x0000000773f80000)
  to   space 10752K, 0% used [0x000000077bf80000,0x000000077bf80000,0x000000077ca00000)
 ParOldGen       total 80896K, used 8332K [0x00000006c1e00000, 0x00000006c6d00000, 0x000000076b500000)
  object space 80896K, 10% used [0x00000006c1e00000,0x00000006c2623238,0x00000006c6d00000)
 Metaspace       used 20698K, capacity 21008K, committed 21248K, reserved 1067008K
  class space    used 2655K, capacity 2747K, committed 2816K, reserved 1048576K
}
Event: 9.063 GC heap before
{Heap before GC invocations=7 (full 1):
 PSYoungGen      total 141824K, used 131072K [0x000000076b500000, 0x000000077ca00000, 0x00000007c0000000)
  eden space 131072K, 100% used [0x000000076b500000,0x0000000773500000,0x0000000773500000)
  from space 10752K, 0% used [0x0000000773500000,0x0000000773500000,0x0000000773f80000)
  to   space 10752K, 0% used [0x000000077bf80000,0x000000077bf80000,0x000000077ca00000)
 ParOldGen       total 80896K, used 8332K [0x00000006c1e00000, 0x00000006c6d00000, 0x000000076b500000)
  object space 80896K, 10% used [0x00000006c1e00000,0x00000006c2623238,0x00000006c6d00000)
 Metaspace       used 30321K, capacity 31126K, committed 31360K, reserved 1077248K
  class space    used 3879K, capacity 4142K, committed 4224K, reserved 1048576K
Event: 9.070 GC heap after
Heap after GC invocations=7 (full 1):
 PSYoungGen      total 257536K, used 10722K [0x000000076b500000, 0x000000077ca00000, 0x00000007c0000000)
  eden space 246784K, 0% used [0x000000076b500000,0x000000076b500000,0x000000077a600000)
  from space 10752K, 99% used [0x000000077bf80000,0x000000077c9f88b8,0x000000077ca00000)
  to   space 13824K, 0% used [0x000000077af00000,0x000000077af00000,0x000000077bc80000)
 ParOldGen       total 80896K, used 12585K [0x00000006c1e00000, 0x00000006c6d00000, 0x000000076b500000)
  object space 80896K, 15% used [0x00000006c1e00000,0x00000006c2a4a748,0x00000006c6d00000)
 Metaspace       used 30321K, capacity 31126K, committed 31360K, reserved 1077248K
  class space    used 3879K, capacity 4142K, committed 4224K, reserved 1048576K
}
Event: 9.262 GC heap before
{Heap before GC invocations=8 (full 1):
 PSYoungGen      total 257536K, used 36451K [0x000000076b500000, 0x000000077ca00000, 0x00000007c0000000)
  eden space 246784K, 10% used [0x000000076b500000,0x000000076ce20608,0x000000077a600000)
  from space 10752K, 99% used [0x000000077bf80000,0x000000077c9f88b8,0x000000077ca00000)
  to   space 13824K, 0% used [0x000000077af00000,0x000000077af00000,0x000000077bc80000)
 ParOldGen       total 80896K, used 12585K [0x00000006c1e00000, 0x00000006c6d00000, 0x000000076b500000)
  object space 80896K, 15% used [0x00000006c1e00000,0x00000006c2a4a748,0x00000006c6d00000)
 Metaspace       used 34294K, capacity 35332K, committed 35416K, reserved 1079296K
  class space    used 4402K, capacity 4823K, committed 4864K, reserved 1048576K
Event: 9.268 GC heap after
Heap after GC invocations=8 (full 1):
 PSYoungGen      total 269824K, used 11823K [0x000000076b500000, 0x0000000789780000, 0x00000007c0000000)
  eden space 256000K, 0% used [0x000000076b500000,0x000000076b500000,0x000000077af00000)
  from space 13824K, 85% used [0x000000077af00000,0x000000077ba8bc10,0x000000077bc80000)
  to   space 14336K, 0% used [0x0000000788980000,0x0000000788980000,0x0000000789780000)
 ParOldGen       total 80896K, used 12593K [0x00000006c1e00000, 0x00000006c6d00000, 0x000000076b500000)
  object space 80896K, 15% used [0x00000006c1e00000,0x00000006c2a4c748,0x00000006c6d00000)
 Metaspace       used 34294K, capacity 35332K, committed 35416K, reserved 1079296K
  class space    used 4402K, capacity 4823K, committed 4864K, reserved 1048576K
}
Event: 9.268 GC heap before
{Heap before GC invocations=9 (full 2):
 PSYoungGen      total 269824K, used 11823K [0x000000076b500000, 0x0000000789780000, 0x00000007c0000000)
  eden space 256000K, 0% used [0x000000076b500000,0x000000076b500000,0x000000077af00000)
  from space 13824K, 85% used [0x000000077af00000,0x000000077ba8bc10,0x000000077bc80000)
  to   space 14336K, 0% used [0x0000000788980000,0x0000000788980000,0x0000000789780000)
 ParOldGen       total 80896K, used 12593K [0x00000006c1e00000, 0x00000006c6d00000, 0x000000076b500000)
  object space 80896K, 15% used [0x00000006c1e00000,0x00000006c2a4c748,0x00000006c6d00000)
 Metaspace       used 34294K, capacity 35332K, committed 35416K, reserved 1079296K
  class space    used 4402K, capacity 4823K, committed 4864K, reserved 1048576K
Event: 9.295 GC heap after
Heap after GC invocations=9 (full 2):
 PSYoungGen      total 269824K, used 0K [0x000000076b500000, 0x0000000789780000, 0x00000007c0000000)
  eden space 256000K, 0% used [0x000000076b500000,0x000000076b500000,0x000000077af00000)
  from space 13824K, 0% used [0x000000077af00000,0x000000077af00000,0x000000077bc80000)
  to   space 14336K, 0% used [0x0000000788980000,0x0000000788980000,0x0000000789780000)
 ParOldGen       total 116224K, used 19444K [0x00000006c1e00000, 0x00000006c8f80000, 0x000000076b500000)
  object space 116224K, 16% used [0x00000006c1e00000,0x00000006c30fd098,0x00000006c8f80000)
 Metaspace       used 34294K, capacity 35332K, committed 35416K, reserved 1079296K
  class space    used 4402K, capacity 4823K, committed 4864K, reserved 1048576K
}
Event: 10.648 GC heap before
{Heap before GC invocations=10 (full 2):
 PSYoungGen      total 269824K, used 256000K [0x000000076b500000, 0x0000000789780000, 0x00000007c0000000)
  eden space 256000K, 100% used [0x000000076b500000,0x000000077af00000,0x000000077af00000)
  from space 13824K, 0% used [0x000000077af00000,0x000000077af00000,0x000000077bc80000)
  to   space 14336K, 0% used [0x0000000788980000,0x0000000788980000,0x0000000789780000)
 ParOldGen       total 116224K, used 19444K [0x00000006c1e00000, 0x00000006c8f80000, 0x000000076b500000)
  object space 116224K, 16% used [0x00000006c1e00000,0x00000006c30fd098,0x00000006c8f80000)
 Metaspace       used 44212K, capacity 45640K, committed 45824K, reserved 1089536K
  class space    used 5789K, capacity 6289K, committed 6400K, reserved 1048576K
Event: 10.665 GC heap after
Heap after GC invocations=10 (full 2):
 PSYoungGen      total 442880K, used 14334K [0x000000076b500000, 0x000000078a280000, 0x00000007c0000000)
  eden space 428544K, 0% used [0x000000076b500000,0x000000076b500000,0x0000000785780000)
  from space 14336K, 99% used [0x0000000788980000,0x000000078977f9b8,0x0000000789780000)
  to   space 38400K, 0% used [0x0000000785780000,0x0000000785780000,0x0000000787d00000)
 ParOldGen       total 116224K, used 71709K [0x00000006c1e00000, 0x00000006c8f80000, 0x000000076b500000)
  object space 116224K, 61% used [0x00000006c1e00000,0x00000006c6407438,0x00000006c8f80000)
 Metaspace       used 44212K, capacity 45640K, committed 45824K, reserved 1089536K
  class space    used 5789K, capacity 6289K, committed 6400K, reserved 1048576K
}

