# JRE version: Java(TM) SE Runtime Environment (8.0_191-b12) (build 1.8.0_191-b12)
# Java VM: Java HotSpot(TM) 64-Bit Server VM (25.191-b12 mixed mode windows-amd64 compressed oops)
Heap:
 PSYoungGen      total 141824K, used 92514K [0x000000076b500000, 0x000000077ca00000, 0x00000007c0000000)
  eden space 131072K, 70% used [0x000000076b500000,0x0000000770f58b78,0x0000000773500000)
  from space 10752K, 0% used [0x0000000773500000,0x0000000773500000,0x0000000773f80000)
  to   space 10752K, 0% used [0x000000077bf80000,0x000000077bf80000,0x000000077ca00000)
 ParOldGen       total 97280K, used 8301K [0x00000006c1e00000, 0x00000006c7d00000, 0x000000076b500000)
  object space 97280K, 8% used [0x00000006c1e00000,0x00000006c261b640,0x00000006c7d00000)
 Metaspace       used 24560K, capacity 24854K, committed 25088K, reserved 1071104K
  class space    used 3156K, capacity 3260K, committed 3328K, reserved 1048576K
GC Heap History (10 events):
Event: 1.066 GC heap before
{Heap before GC invocations=2 (full 0):
 PSYoungGen      total 76288K, used 72943K [0x000000076b500000, 0x0000000770a00000, 0x00000007c0000000)
  eden space 65536K, 100% used [0x000000076b500000,0x000000076f500000,0x000000076f500000)
  from space 10752K, 68% used [0x000000076f500000,0x000000076fc3bcc8,0x000000076ff80000)
  to   space 10752K, 0% used [0x000000076ff80000,0x000000076ff80000,0x0000000770a00000)
 ParOldGen       total 175104K, used 16K [0x00000006c1e00000, 0x00000006cc900000, 0x000000076b500000)
  object space 175104K, 0% used [0x00000006c1e00000,0x00000006c1e04000,0x00000006cc900000)
 Metaspace       used 17441K, capacity 17754K, committed 17920K, reserved 1064960K
  class space    used 2189K, capacity 2290K, committed 2304K, reserved 1048576K
Event: 1.072 GC heap after
Heap after GC invocations=2 (full 0):
 PSYoungGen      total 76288K, used 9279K [0x000000076b500000, 0x0000000774a00000, 0x00000007c0000000)
  eden space 65536K, 0% used [0x000000076b500000,0x000000076b500000,0x000000076f500000)
  from space 10752K, 86% used [0x000000076ff80000,0x000000077088fdb0,0x0000000770a00000)
  to   space 10752K, 0% used [0x000000076f500000,0x000000076f500000,0x000000076ff80000)
 ParOldGen       total 175104K, used 96K [0x00000006c1e00000, 0x00000006cc900000, 0x000000076b500000)
  object space 175104K, 0% used [0x00000006c1e00000,0x00000006c1e18010,0x00000006cc900000)
 Metaspace       used 17441K, capacity 17754K, committed 17920K, reserved 1064960K
  class space    used 2189K, capacity 2290K, committed 2304K, reserved 1048576K
}
Event: 1.262 GC heap before
{Heap before GC invocations=3 (full 0):
 PSYoungGen      total 76288K, used 74815K [0x000000076b500000, 0x0000000774a00000, 0x00000007c0000000)
  eden space 65536K, 100% used [0x000000076b500000,0x000000076f500000,0x000000076f500000)
  from space 10752K, 86% used [0x000000076ff80000,0x000000077088fdb0,0x0000000770a00000)
  to   space 10752K, 0% used [0x000000076f500000,0x000000076f500000,0x000000076ff80000)
 ParOldGen       total 175104K, used 96K [0x00000006c1e00000, 0x00000006cc900000, 0x000000076b500000)
  object space 175104K, 0% used [0x00000006c1e00000,0x00000006c1e18010,0x00000006cc900000)
 Metaspace       used 18268K, capacity 18578K, committed 18816K, reserved 1064960K
  class space    used 2313K, capacity 2390K, committed 2432K, reserved 1048576K
Event: 1.267 GC heap after
Heap after GC invocations=3 (full 0):
 PSYoungGen      total 76288K, used 8617K [0x000000076b500000, 0x0000000774a00000, 0x00000007c0000000)
  eden space 65536K, 0% used [0x000000076b500000,0x000000076b500000,0x000000076f500000)
  from space 10752K, 80% used [0x000000076f500000,0x000000076fd6a628,0x000000076ff80000)
  to   space 10752K, 0% used [0x0000000773f80000,0x0000000773f80000,0x0000000774a00000)
 ParOldGen       total 175104K, used 104K [0x00000006c1e00000, 0x00000006cc900000, 0x000000076b500000)
  object space 175104K, 0% used [0x00000006c1e00000,0x00000006c1e1a010,0x00000006cc900000)
 Metaspace       used 18268K, capacity 18578K, committed 18816K, reserved 1064960K
  class space    used 2313K, capacity 2390K, committed 2432K, reserved 1048576K
}
Event: 1.497 GC heap before
{Heap before GC invocations=4 (full 0):
 PSYoungGen      total 76288K, used 74153K [0x000000076b500000, 0x0000000774a00000, 0x00000007c0000000)
  eden space 65536K, 100% used [0x000000076b500000,0x000000076f500000,0x000000076f500000)
  from space 10752K, 80% used [0x000000076f500000,0x000000076fd6a628,0x000000076ff80000)
  to   space 10752K, 0% used [0x0000000773f80000,0x0000000773f80000,0x0000000774a00000)
 ParOldGen       total 175104K, used 104K [0x00000006c1e00000, 0x00000006cc900000, 0x000000076b500000)
  object space 175104K, 0% used [0x00000006c1e00000,0x00000006c1e1a010,0x00000006cc900000)
 Metaspace       used 20366K, capacity 20688K, committed 20864K, reserved 1067008K
  class space    used 2606K, capacity 2683K, committed 2688K, reserved 1048576K
Event: 1.503 GC heap after
Heap after GC invocations=4 (full 0):
 PSYoungGen      total 141824K, used 9894K [0x000000076b500000, 0x0000000774a00000, 0x00000007c0000000)
  eden space 131072K, 0% used [0x000000076b500000,0x000000076b500000,0x0000000773500000)
  from space 10752K, 92% used [0x0000000773f80000,0x0000000774929870,0x0000000774a00000)
  to   space 10752K, 0% used [0x0000000773500000,0x0000000773500000,0x0000000773f80000)
 ParOldGen       total 175104K, used 112K [0x00000006c1e00000, 0x00000006cc900000, 0x000000076b500000)
  object space 175104K, 0% used [0x00000006c1e00000,0x00000006c1e1c010,0x00000006cc900000)
 Metaspace       used 20366K, capacity 20688K, committed 20864K, reserved 1067008K
  class space    used 2606K, capacity 2683K, committed 2688K, reserved 1048576K
}
Event: 1.572 GC heap before
{Heap before GC invocations=5 (full 0):
 PSYoungGen      total 141824K, used 26758K [0x000000076b500000, 0x0000000774a00000, 0x00000007c0000000)
  eden space 131072K, 12% used [0x000000076b500000,0x000000076c578290,0x0000000773500000)
  from space 10752K, 92% used [0x0000000773f80000,0x0000000774929870,0x0000000774a00000)
  to   space 10752K, 0% used [0x0000000773500000,0x0000000773500000,0x0000000773f80000)
 ParOldGen       total 175104K, used 112K [0x00000006c1e00000, 0x00000006cc900000, 0x000000076b500000)
  object space 175104K, 0% used [0x00000006c1e00000,0x00000006c1e1c010,0x00000006cc900000)
 Metaspace       used 20707K, capacity 21008K, committed 21248K, reserved 1067008K
  class space    used 2652K, capacity 2747K, committed 2816K, reserved 1048576K
Event: 1.578 GC heap after
Heap after GC invocations=5 (full 0):
 PSYoungGen      total 141824K, used 8352K [0x000000076b500000, 0x000000077ca00000, 0x00000007c0000000)
  eden space 131072K, 0% used [0x000000076b500000,0x000000076b500000,0x0000000773500000)
  from space 10752K, 77% used [0x0000000773500000,0x0000000773d282c0,0x0000000773f80000)
  to   space 10752K, 0% used [0x000000077bf80000,0x000000077bf80000,0x000000077ca00000)
 ParOldGen       total 175104K, used 120K [0x00000006c1e00000, 0x00000006cc900000, 0x000000076b500000)
  object space 175104K, 0% used [0x00000006c1e00000,0x00000006c1e1e010,0x00000006cc900000)
 Metaspace       used 20707K, capacity 21008K, committed 21248K, reserved 1067008K
  class space    used 2652K, capacity 2747K, committed 2816K, reserved 1048576K
}
Event: 1.578 GC heap before
{Heap before GC invocations=6 (full 1):
 PSYoungGen      total 141824K, used 8352K [0x000000076b500000, 0x000000077ca00000, 0x00000007c0000000)
  eden space 131072K, 0% used [0x000000076b500000,0x000000076b500000,0x0000000773500000)
  from space 10752K, 77% used [0x0000000773500000,0x0000000773d282c0,0x0000000773f80000)
  to   space 10752K, 0% used [0x000000077bf80000,0x000000077bf80000,0x000000077ca00000)
 ParOldGen       total 175104K, used 120K [0x00000006c1e00000, 0x00000006cc900000, 0x000000076b500000)
  object space 175104K, 0% used [0x00000006c1e00000,0x00000006c1e1e010,0x00000006cc900000)
 Metaspace       used 20707K, capacity 21008K, committed 21248K, reserved 1067008K
  class space    used 2652K, capacity 2747K, committed 2816K, reserved 1048576K
Event: 1.605 GC heap after
Heap after GC invocations=6 (full 1):
 PSYoungGen      total 141824K, used 0K [0x000000076b500000, 0x000000077ca00000, 0x00000007c0000000)
  eden space 131072K, 0% used [0x000000076b500000,0x000000076b500000,0x0000000773500000)
  from space 10752K, 0% used [0x0000000773500000,0x0000000773500000,0x0000000773f80000)
  to   space 10752K, 0% used [0x000000077bf80000,0x000000077bf80000,0x000000077ca00000)
 ParOldGen       total 97280K, used 8301K [0x00000006c1e00000, 0x00000006c7d00000, 0x000000076b500000)
  object space 97280K, 8% used [0x00000006c1e00000,0x00000006c261b640,0x00000006c7d00000)
 Metaspace       used 20707K, capacity 21008K, committed 21248K, reserved 1067008K
  class space    used 2652K, capacity 2747K, committed 2816K, reserved 1048576K
}

