# JRE version: Java(TM) SE Runtime Environment (8.0_191-b12) (build 1.8.0_191-b12)
# Java VM: Java HotSpot(TM) 64-Bit Server VM (25.191-b12 mixed mode windows-amd64 compressed oops)
Heap:
 PSYoungGen      total 197120K, used 197037K [0x000000076b500000, 0x000000077cc00000, 0x00000007c0000000)
  eden space 169984K, 99% used [0x000000076b500000,0x0000000775af1b60,0x0000000775b00000)
  from space 27136K, 99% used [0x0000000775b00000,0x0000000777579ab0,0x0000000777580000)
  to   space 43520K, 69% used [0x000000077a180000,0x000000077beda098,0x000000077cc00000)
 ParOldGen       total 765440K, used 543219K [0x00000006c1e00000, 0x00000006f0980000, 0x000000076b500000)
  object space 765440K, 70% used [0x00000006c1e00000,0x00000006e307cd48,0x00000006f0980000)
 Metaspace       used 76210K, capacity 79098K, committed 79448K, reserved 1118208K
  class space    used 9528K, capacity 10203K, committed 10328K, reserved 1048576K
GC Heap History (10 events):
Event: 4.884 GC heap after
Heap after GC invocations=10 (full 2):
 PSYoungGen      total 170496K, used 12373K [0x000000076b500000, 0x0000000777e80000, 0x00000007c0000000)
  eden space 152064K, 0% used [0x000000076b500000,0x000000076b500000,0x0000000774980000)
  from space 18432K, 67% used [0x0000000775b80000,0x0000000776795498,0x0000000776d80000)
  to   space 18432K, 0% used [0x0000000774980000,0x0000000774980000,0x0000000775b80000)
 ParOldGen       total 209408K, used 23787K [0x00000006c1e00000, 0x00000006cea80000, 0x000000076b500000)
  object space 209408K, 11% used [0x00000006c1e00000,0x00000006c353afb0,0x00000006cea80000)
 Metaspace       used 47881K, capacity 48992K, committed 49240K, reserved 1091584K
  class space    used 5897K, capacity 6222K, committed 6232K, reserved 1048576K
}
Event: 6.133 GC heap before
{Heap before GC invocations=11 (full 2):
 PSYoungGen      total 170496K, used 139497K [0x000000076b500000, 0x0000000777e80000, 0x00000007c0000000)
  eden space 152064K, 83% used [0x000000076b500000,0x0000000773125048,0x0000000774980000)
  from space 18432K, 67% used [0x0000000775b80000,0x0000000776795498,0x0000000776d80000)
  to   space 18432K, 0% used [0x0000000774980000,0x0000000774980000,0x0000000775b80000)
 ParOldGen       total 209408K, used 23787K [0x00000006c1e00000, 0x00000006cea80000, 0x000000076b500000)
  object space 209408K, 11% used [0x00000006c1e00000,0x00000006c353afb0,0x00000006cea80000)
 Metaspace       used 56928K, capacity 58878K, committed 58968K, reserved 1101824K
  class space    used 6973K, capacity 7439K, committed 7512K, reserved 1048576K
Event: 6.141 GC heap after
Heap after GC invocations=11 (full 2):
 PSYoungGen      total 170496K, used 18426K [0x000000076b500000, 0x0000000778a80000, 0x00000007c0000000)
  eden space 152064K, 0% used [0x000000076b500000,0x000000076b500000,0x0000000774980000)
  from space 18432K, 99% used [0x0000000774980000,0x0000000775b7e870,0x0000000775b80000)
  to   space 21504K, 0% used [0x0000000777580000,0x0000000777580000,0x0000000778a80000)
 ParOldGen       total 209408K, used 24469K [0x00000006c1e00000, 0x00000006cea80000, 0x000000076b500000)
  object space 209408K, 11% used [0x00000006c1e00000,0x00000006c35e55f0,0x00000006cea80000)
 Metaspace       used 56928K, capacity 58878K, committed 58968K, reserved 1101824K
  class space    used 6973K, capacity 7439K, committed 7512K, reserved 1048576K
}
Event: 6.141 GC heap before
{Heap before GC invocations=12 (full 3):
 PSYoungGen      total 170496K, used 18426K [0x000000076b500000, 0x0000000778a80000, 0x00000007c0000000)
  eden space 152064K, 0% used [0x000000076b500000,0x000000076b500000,0x0000000774980000)
  from space 18432K, 99% used [0x0000000774980000,0x0000000775b7e870,0x0000000775b80000)
  to   space 21504K, 0% used [0x0000000777580000,0x0000000777580000,0x0000000778a80000)
 ParOldGen       total 209408K, used 24469K [0x00000006c1e00000, 0x00000006cea80000, 0x000000076b500000)
  object space 209408K, 11% used [0x00000006c1e00000,0x00000006c35e55f0,0x00000006cea80000)
 Metaspace       used 56928K, capacity 58878K, committed 58968K, reserved 1101824K
  class space    used 6973K, capacity 7439K, committed 7512K, reserved 1048576K
Event: 6.254 GC heap after
Heap after GC invocations=12 (full 3):
 PSYoungGen      total 170496K, used 0K [0x000000076b500000, 0x0000000778a80000, 0x00000007c0000000)
  eden space 152064K, 0% used [0x000000076b500000,0x000000076b500000,0x0000000774980000)
  from space 18432K, 0% used [0x0000000774980000,0x0000000774980000,0x0000000775b80000)
  to   space 21504K, 0% used [0x0000000777580000,0x0000000777580000,0x0000000778a80000)
 ParOldGen       total 305152K, used 40746K [0x00000006c1e00000, 0x00000006d4800000, 0x000000076b500000)
  object space 305152K, 13% used [0x00000006c1e00000,0x00000006c45ca838,0x00000006d4800000)
 Metaspace       used 56928K, capacity 58878K, committed 58968K, reserved 1101824K
  class space    used 6973K, capacity 7439K, committed 7512K, reserved 1048576K
}
Event: 7.266 GC heap before
{Heap before GC invocations=13 (full 3):
 PSYoungGen      total 170496K, used 141901K [0x000000076b500000, 0x0000000778a80000, 0x00000007c0000000)
  eden space 152064K, 93% used [0x000000076b500000,0x0000000773f936a8,0x0000000774980000)
  from space 18432K, 0% used [0x0000000774980000,0x0000000774980000,0x0000000775b80000)
  to   space 21504K, 0% used [0x0000000777580000,0x0000000777580000,0x0000000778a80000)
 ParOldGen       total 305152K, used 40746K [0x00000006c1e00000, 0x00000006d4800000, 0x000000076b500000)
  object space 305152K, 13% used [0x00000006c1e00000,0x00000006c45ca838,0x00000006d4800000)
 Metaspace       used 68596K, capacity 71400K, committed 71512K, reserved 1112064K
  class space    used 8587K, capacity 9234K, committed 9304K, reserved 1048576K
Event: 7.280 GC heap after
Heap after GC invocations=13 (full 3):
 PSYoungGen      total 191488K, used 21474K [0x000000076b500000, 0x0000000779500000, 0x00000007c0000000)
  eden space 169984K, 0% used [0x000000076b500000,0x000000076b500000,0x0000000775b00000)
  from space 21504K, 99% used [0x0000000777580000,0x0000000778a78a78,0x0000000778a80000)
  to   space 27136K, 0% used [0x0000000775b00000,0x0000000775b00000,0x0000000777580000)
 ParOldGen       total 305152K, used 48615K [0x00000006c1e00000, 0x00000006d4800000, 0x000000076b500000)
  object space 305152K, 15% used [0x00000006c1e00000,0x00000006c4d79c30,0x00000006d4800000)
 Metaspace       used 68596K, capacity 71400K, committed 71512K, reserved 1112064K
  class space    used 8587K, capacity 9234K, committed 9304K, reserved 1048576K
}
Event: 7.900 GC heap before
{Heap before GC invocations=14 (full 3):
 PSYoungGen      total 191488K, used 191458K [0x000000076b500000, 0x0000000779500000, 0x00000007c0000000)
  eden space 169984K, 100% used [0x000000076b500000,0x0000000775b00000,0x0000000775b00000)
  from space 21504K, 99% used [0x0000000777580000,0x0000000778a78a78,0x0000000778a80000)
  to   space 27136K, 0% used [0x0000000775b00000,0x0000000775b00000,0x0000000777580000)
 ParOldGen       total 305152K, used 48615K [0x00000006c1e00000, 0x00000006d4800000, 0x000000076b500000)
  object space 305152K, 15% used [0x00000006c1e00000,0x00000006c4d79c30,0x00000006d4800000)
 Metaspace       used 72271K, capacity 75202K, committed 75480K, reserved 1116160K
  class space    used 8991K, capacity 9655K, committed 9688K, reserved 1048576K
Event: 7.914 GC heap after
Heap after GC invocations=14 (full 3):
 PSYoungGen      total 197120K, used 27110K [0x000000076b500000, 0x000000077cc00000, 0x00000007c0000000)
  eden space 169984K, 0% used [0x000000076b500000,0x000000076b500000,0x0000000775b00000)
  from space 27136K, 99% used [0x0000000775b00000,0x0000000777579ab0,0x0000000777580000)
  to   space 43520K, 0% used [0x000000077a180000,0x000000077a180000,0x000000077cc00000)
 ParOldGen       total 305152K, used 83177K [0x00000006c1e00000, 0x00000006d4800000, 0x000000076b500000)
  object space 305152K, 27% used [0x00000006c1e00000,0x00000006c6f3a478,0x00000006d4800000)
 Metaspace       used 72271K, capacity 75202K, committed 75480K, reserved 1116160K
  class space    used 8991K, capacity 9655K, committed 9688K, reserved 1048576K
}
Event: 11.737 GC heap before
{Heap before GC invocations=15 (full 3):
 PSYoungGen      total 197120K, used 197037K [0x000000076b500000, 0x000000077cc00000, 0x00000007c0000000)
  eden space 169984K, 99% used [0x000000076b500000,0x0000000775af1b60,0x0000000775b00000)
  from space 27136K, 99% used [0x0000000775b00000,0x0000000777579ab0,0x0000000777580000)
  to   space 43520K, 0% used [0x000000077a180000,0x000000077a180000,0x000000077cc00000)
 ParOldGen       total 305152K, used 83177K [0x00000006c1e00000, 0x00000006d4800000, 0x000000076b500000)
  object space 305152K, 27% used [0x00000006c1e00000,0x00000006c6f3a478,0x00000006d4800000)
 Metaspace       used 76210K, capacity 79098K, committed 79448K, reserved 1118208K
  class space    used 9528K, capacity 10203K, committed 10328K, reserved 1048576K

